
------------------
Método: btnDownloadArquivoUpload_Click
Hora da gravação do log: 12/05/2015 14:12:45
Detalhes do erro:
    erro: ex:O thread estava sendo anulado.
------------------


------------------
Método: btnDownloadArquivoUpload_Click
Hora da gravação do log: 12/05/2015 14:12:50
Detalhes do erro:
    erro: ex:O thread estava sendo anulado.
------------------


------------------
Método: btnDownloadArquivoUpload_Click
Hora da gravação do log: 12/05/2015 14:13:40
Detalhes do erro:
    erro: ex:O thread estava sendo anulado.
------------------


------------------
Método: btnDownloadArquivoUpload_Click
Hora da gravação do log: 12/05/2015 14:16:33
Detalhes do erro:
    erro: ex:O thread estava sendo anulado.
------------------


------------------
Método: btnDownloadArquivoUpload_Click
Hora da gravação do log: 12/05/2015 14:16:36
Detalhes do erro:
    erro: ex:O thread estava sendo anulado.
------------------


------------------
Método: btnDownloadArquivoUpload_Click
Hora da gravação do log: 12/05/2015 14:18:16
Detalhes do erro:
    erro: ex:O thread estava sendo anulado.
------------------


------------------
Método: btnDownloadArquivoProcessado_Click
Hora da gravação do log: 12/05/2015 14:25:06
Detalhes do erro:
    erro: ex:O thread estava sendo anulado.
------------------


------------------
Método: btnDownloadArquivoProcessado_Click
Hora da gravação do log: 12/05/2015 14:25:09
Detalhes do erro:
    erro: ex:O thread estava sendo anulado.
------------------


------------------
Método: btnDownloadArquivoUpload_Click
Hora da gravação do log: 12/05/2015 14:26:03
Detalhes do erro:
    erro: ex:O thread estava sendo anulado.
------------------


------------------
Método: btnDownloadArquivoUpload_Click
Hora da gravação do log: 12/05/2015 14:26:09
Detalhes do erro:
    erro: ex:O thread estava sendo anulado.
------------------


------------------
Método: btnDownloadArquivoUpload_Click
Hora da gravação do log: 12/05/2015 14:26:11
Detalhes do erro:
    erro: ex:O thread estava sendo anulado.
------------------


------------------
Método: btnDownloadArquivoUpload_Click
Hora da gravação do log: 12/05/2015 14:26:13
Detalhes do erro:
    erro: ex:O thread estava sendo anulado.
------------------


------------------
Método: btnDownloadArquivoUpload_Click
Hora da gravação do log: 12/05/2015 14:30:50
Detalhes do erro:
    erro: ex:O thread estava sendo anulado.
------------------


------------------
Método: btnDownloadArquivoUpload_Click
Hora da gravação do log: 12/05/2015 14:33:44
Detalhes do erro:
    erro: ex:O thread estava sendo anulado.
------------------


------------------
Método: btnDownloadArquivoUpload_Click
Hora da gravação do log: 12/05/2015 14:33:50
Detalhes do erro:
    erro: ex:O thread estava sendo anulado.
------------------


------------------
Método: btnDownloadArquivoProcessado_Click
Hora da gravação do log: 12/05/2015 15:00:34
Detalhes do erro:
    erro: ex:O thread estava sendo anulado.
------------------


------------------
Método: btnDownloadArquivoUpload_Click
Hora da gravação do log: 12/05/2015 15:00:46
Detalhes do erro:
    erro: ex:O thread estava sendo anulado.
------------------


------------------
Método: btnDownloadArquivoUpload_Click
Hora da gravação do log: 12/05/2015 15:01:21
Detalhes do erro:
    erro: ex:O thread estava sendo anulado.
------------------

