
------------------
Método: btnDownloadArquivoUpload_Click
Hora da gravação do log: 23/06/2015 13:21:18
Detalhes do erro:
    erro: ex:O thread estava sendo anulado.
------------------


------------------
Método: btnDownloadArquivoProcessado_Click
Hora da gravação do log: 23/06/2015 14:53:20
Detalhes do erro:
    erro: ex:O thread estava sendo anulado.
------------------


------------------
Método: btnDownloadArquivoUpload_Click
Hora da gravação do log: 23/06/2015 15:14:04
Detalhes do erro:
    erro: ex:O thread estava sendo anulado.
------------------


------------------
Método: btnDownloadArquivoUpload_Click
Hora da gravação do log: 23/06/2015 15:14:25
Detalhes do erro:
    erro: ex:O thread estava sendo anulado.
------------------


------------------
Método: btnDownloadArquivoUpload_Click
Hora da gravação do log: 23/06/2015 15:14:30
Detalhes do erro:
    erro: ex:O thread estava sendo anulado.
------------------


------------------
Método: btnDownloadArquivoProcessado_Click
Hora da gravação do log: 23/06/2015 15:46:36
Detalhes do erro:
    erro: ex:O thread estava sendo anulado.
------------------


------------------
Método: btnDownloadArquivoProcessado_Click
Hora da gravação do log: 23/06/2015 15:57:50
Detalhes do erro:
    erro: ex:O thread estava sendo anulado.
------------------


------------------
Método: btnDownloadArquivoProcessado_Click
Hora da gravação do log: 23/06/2015 16:40:19
Detalhes do erro:
    erro: ex:O thread estava sendo anulado.
------------------


------------------
Método: btnDownloadArquivoProcessado_Click
Hora da gravação do log: 23/06/2015 16:40:40
Detalhes do erro:
    erro: ex:O thread estava sendo anulado.
------------------


------------------
Método: btnDownloadArquivoProcessado_Click
Hora da gravação do log: 23/06/2015 16:41:44
Detalhes do erro:
    erro: ex:O thread estava sendo anulado.
------------------


------------------
Método: btnDownloadArquivoProcessado_Click
Hora da gravação do log: 23/06/2015 16:41:56
Detalhes do erro:
    erro: ex:O thread estava sendo anulado.
------------------


------------------
Método: btnDownloadArquivoProcessado_Click
Hora da gravação do log: 23/06/2015 16:50:13
Detalhes do erro:
    erro: ex:O thread estava sendo anulado.
------------------


------------------
Método: btnDownloadArquivoProcessado_Click
Hora da gravação do log: 23/06/2015 16:51:21
Detalhes do erro:
    erro: ex:O thread estava sendo anulado.
------------------

